<?xml version="1.0" encoding="UTF-8"?>
<!-- Generated by org.testng.reporters.JUnitXMLReporter -->
<testsuite ignored="0" hostname="Hrushikeshs-Air" failures="1" tests="1" name="Default test" time="1.141" errors="0" timestamp="2026-02-02T21:38:32 IST">
  <testcase classname="io.cucumber.testng.AbstractTestNGCucumberTests" name="runScenario" time="0.169">
    <failure type="java.lang.NullPointerException" message="Cannot invoke &amp;quot;org.openqa.selenium.WebDriver.get(String)&amp;quot; because &amp;quot;org.qabrainssite.base.qa.BaseClass.driver&amp;quot; is null">
      <![CDATA[java.lang.NullPointerException: Cannot invoke "org.openqa.selenium.WebDriver.get(String)" because "org.qabrainssite.base.qa.BaseClass.driver" is null
at org.qabrainssite.base.qa.BaseClass.setUp(BaseClass.java:47)
at org.qabrainssite.pages.qa.LoginPage.launch_the_login_page(LoginPage.java:20)
at ✽.Launch the Login Page(file:///Users/hrushi/Desktop/Priyanka/eclipse_workspace/QABrainsPracticeSiteDemoProject/src/test/resources/Features/qabrainslogin.feature:3)
]]>
    </failure>
  </testcase> <!-- runScenario -->
</testsuite> <!-- Default test -->
