<?xml version="1.0" encoding="UTF-8"?>
<testng-results ignored="0" total="1" passed="1" failed="0" skipped="0">
  <reporter-output>
  </reporter-output>
  <suite started-at="2026-01-21T17:49:25 IST" name="Suite" finished-at="2026-01-21T17:49:46 IST" duration-ms="20369">
    <groups>
      <group name="cucumber">
        <method signature="AbstractTestNGCucumberTests.runScenario(io.cucumber.testng.PickleWrapper,io.cucumber.testng.FeatureWrapper)[pri:0, instance:org.qabrainssite.test.qa.LoginTest@5f8edcc5]" name="runScenario" class="io.cucumber.testng.AbstractTestNGCucumberTests"/>
      </group> <!-- cucumber -->
    </groups>
    <test started-at="2026-01-21T17:49:25 IST" name="Login Test" finished-at="2026-01-21T17:49:46 IST" duration-ms="20369">
      <class name="org.qabrainssite.test.qa.LoginTest">
        <test-method is-config="true" signature="setUpClass(org.testng.ITestContext)[pri:0, instance:org.qabrainssite.test.qa.LoginTest@5f8edcc5]" started-at="2026-01-21T17:49:25 IST" name="setUpClass" finished-at="2026-01-21T17:49:28 IST" duration-ms="2045" status="PASS">
          <params>
            <param index="0">
              <value>
                <![CDATA[org.testng.TestRunner@117bcfdc]]>
              </value>
            </param>
          </params>
          <reporter-output>
          </reporter-output>
        </test-method> <!-- setUpClass -->
        <test-method signature="runScenario(io.cucumber.testng.PickleWrapper,io.cucumber.testng.FeatureWrapper)[pri:0, instance:org.qabrainssite.test.qa.LoginTest@5f8edcc5]" started-at="2026-01-21T17:49:28 IST" name="runScenario" description="Runs Cucumber Scenarios" data-provider="scenarios" finished-at="2026-01-21T17:49:45 IST" duration-ms="17884" status="PASS">
          <params>
            <param index="0">
              <value>
                <![CDATA["Validate Login Page"]]>
              </value>
            </param>
            <param index="1">
              <value>
                <![CDATA["Login Funcationality Qa Branis site"]]>
              </value>
            </param>
          </params>
          <reporter-output>
          </reporter-output>
        </test-method> <!-- runScenario -->
        <test-method is-config="true" signature="tearDownClass()[pri:0, instance:org.qabrainssite.test.qa.LoginTest@5f8edcc5]" started-at="2026-01-21T17:49:45 IST" name="tearDownClass" finished-at="2026-01-21T17:49:46 IST" duration-ms="301" status="PASS">
          <reporter-output>
          </reporter-output>
        </test-method> <!-- tearDownClass -->
      </class> <!-- org.qabrainssite.test.qa.LoginTest -->
    </test> <!-- Login Test -->
  </suite> <!-- Suite -->
</testng-results>
